1547619827953	mozrunner::runner	INFO	Running command: "C:\\Program Files\\Mozilla Firefox\\firefox.exe" "-marionette" "-foreground" "-no-remote" "-profile" "C:\\Users\\ADMINI~1\\AppData\\Local\\Temp\\rust_mozprofile.YJVGK30DQS2H"
1547619829134	addons.webextension.screenshots@mozilla.org	WARN	Loading extension 'screenshots@mozilla.org': Reading manifest: Invalid host permission: resource://pdf.js/
1547619829134	addons.webextension.screenshots@mozilla.org	WARN	Loading extension 'screenshots@mozilla.org': Reading manifest: Invalid host permission: about:reader*
[Child 10168, Chrome_ChildThread] WARNING: pipe error: 109: file z:/build/build/src/ipc/chromium/src/chrome/common/ipc_channel_win.cc, line 346
[Chi1547619831848	Marionette	INFO	Listening on port 58258
1547619832290	Marionette	WARN	TLS certificate errors will be ignored for this session
[Parent 13580, Gecko_IOThread] WARNING: pipe error: 109: file z:/build/build/src/ipc/chromium/src/chrome/common/ipc_channel_win.cc, line 346
console.error: BroadcastService: 
  receivedBroadcastMessage: handler for
  remote-settings/monitor_changes
  threw error:
  Message: Error: Polling for changes failed: NetworkError when attempting to fetch resource..
  Stack:
    remoteSettingsFunction/remoteSettings.pollChanges@resource://services-settings/remote-settings.js:750:13

JavaScript error: , line 0: InvalidStateError: An attempt was made to use an object that is not, or is no longer, usable
[Child 5784, Chrome_ChildThread] WARNING: pipe error: 109: file z:/build/build/src/ipc/chromium/src/chrome/common/ipc_ch[Child 5772, Chromannel_win.cc, e_ClinehildThread] WARNIN G: pipe error: 109: f3ile z:/build/build/src/i4pc/chromium/src/chrome/common/ipc_channel6_win.cc, 
line 346[C
hild 5784, Chrome_Child[Child 5772, Chrome_ChildThrea1547619966838	Marionette	INFO	Stopped listening on port 58258

###!!! [Child][RunMessage] Error: Channel closing: too late to send/recv, messages will be lost

[
###!!! [Child][MessageChannel::SendAndWait] Error: Channel error: cannot send/recv

[0x7FFECE675060] ANOMALY: meaningless REX prefix used
[0x7FFECE6750A0] ANOMALY: meaningless REX prefix used
[0x7FFECE675240] ANOMALY: meaningless REX prefix used
[0x7FFECE673630] ANOMALY: meaningless REX prefix used
[0x7FFECE6720A0] ANOMALY: meaningless REX prefix used
tings/remote-settings.js:750:13

JavaScript error: , line 0: InvalidStateError: An attempt was made to use an object that is not, or is no longer, usable
[Child 7852, Chrome_ChildThread] WARNING: pipe error: 109: file z:/build/build/src/ipc/chromium[/Cshild 7932, Chrrc/chorome/common/ipc_channel_win.cc, line 346
me_ChildThread] WARNING: pipe error: 109: file z:/build/build/src/ipc/chromium/src/chrome/common/ipc_channel_win.cc, line 346
[Child 7932, C[Parent 9956, Gecko_IOThread] WARNING: pipe error: 109: file z:/build/build/src/ipc/chromium/src/chrome/common/ipc_channel_win.cc, line 346
[Child 12480, Chrome_ChildThread] WARNING: pipe error: 109: file z:/build/build/src/ipc/chromium/src/chrome/common/ipc_channel_win.cc, line 346
[Child 121547619966299	Marionette	INFO	Stopped listening on port 58301

###!!! [Child][RunMessage] Error: Channel closing: too late to send/recv, messages will be lost

[GPU 115
###!!! [Child][MessageChannel::SendAndWait] Error: Channel error: cannot send/recv

[0x7FFECE675060] ANOMALY: meaningless REX prefix used
[0x7FFECE6750A0] ANOMALY: meaningless REX prefix used
[0x7FFECE675240] ANOMALY: meaningless REX prefix used
[0x7FFECE673630] ANOMALY: meaningless REX prefix used
[0x7FFECE6720A0] ANOMALY: meaningless REX prefix used
c/chromium/src/chrome/common/ipc_channel_win.cc, line 346
[Child 9036, Ch1547619965617	Marionette	INFO	Stopped listening on port 58344

###!!! [Child][RunMessage] Error: Channel closing: too late to send/recv, messages will be lost

[
###!!! [Child][MessageChannel::SendAndWait] Error: Channel error: cannot send/recv

[0x7FFECE675060] ANOMALY: meaningless REX prefix used
[0x7FFECE6750A0] ANOMALY: meaningless REX prefix used
[0x7FFECE675240] ANOMALY: meaningless REX prefix used
[0x7FFECE673630] ANOMALY: meaningless REX prefix used
[0x7FFECE6720A0] ANOMALY: meaningless REX prefix used
4, Gecko_IOThread] WARNING: pipe error: 109: file z:/build/build/src/ipc/chromium/src/chrome/common/ipc_channel_win.cc, line 346
[Child 13988, Chrome_ChildThread] WARNING: pipe error: 109: file z:/build/build/src/ipc/chromium/src/chrome/common/ipc_channel_win.cc, line 346
[Child 20[Child 13988, Chrome_Child32, Chrome_ChildThread] WARNING: pipe error: 109: file z:/build/build/src/ipc/chromium/src/chrome/common/ipc_channel_win.cc, line 346
[Child 2032, Chrome_C1547619964902	Marionette	INFO	Stopped listening on port 58392

###!!! [Child][RunMessage] Error: Channel closing: too late to send/recv, messages will be lost


###!!! [Child][MessageChannel::SendAndWait] Error: Channel error: cannot send/recv

[0x7FFECE675060] ANOMALY: meaningless REX prefix used
[0x7FFECE6750A0] ANOMALY: meaningless REX prefix used
[0x7FFECE675240] ANOMALY: meaningless REX prefix used
[0x7FFECE673630] ANOMALY: meaningless REX prefix used
[0x7FFECE6720A0] ANOMALY: meaningless REX prefix used
able
[Parent 8272, Gecko_IOThread] WARNING: pipe error: 109: file z:/build/build/src/ipc/chromium/src/chrome/common/ipc_channel_win.cc, line 346
[Parent 8272, Gecko_IOThread] WARNING: pipe error: 109: file z:/build/build/src/ipc/chromium/src/chrome/common/ipc_channel_win.cc, line 346
[Child 12932, Chrome_ChildThread] WARNING: pipe error: 109: file z:/build/build/src/ipc/chromium/src/chrome/common/ipc_channel_win.cc, line 346
[Chil[Child d 13660, Chrome_ChildThread] WARNING: pipe error: 109: file z:/build/build/src/ipc/chromium/src/chrome/common/ipc_channel_win.cc, line 346
[Child 1[Parent 8272, Gecko_IOThread] WARNING: pipe error: 109: file z:/build/build/src/ipc/chromium/src/chrome/common/ipc_channel_win.cc, line 346
[Child 13800, Chrome_ChildThread] WARNING: pipe error: 109: file z:/build/build/src/ipc/chromium/src/chrome/common/ipc_channel_win.cc, line 346
[Child 11547619963956	Marionette	INFO	Stopped listening on port 58439

###!!! [Child][RunMessage] Error: Channel closing: too late to send/recv, messages will be lost

[
###!!! [Child][MessageChannel::SendAndWait] Error: Channel error: cannot send/recv

[0x7FFECE675060] ANOMALY: meaningless REX prefix used
[0x7FFECE6750A0] ANOMALY: meaningless REX prefix used
[0x7FFECE675240] ANOMALY: meaningless REX prefix used
[0x7FFECE673630] ANOMALY: meaningless REX prefix used
[0x7FFECE6720A0] ANOMALY: meaningless REX prefix used
1547620258236	mozrunner::runner	INFO	Running command: "C:\\Program Files\\Mozilla Firefox\\firefox.exe" "-marionette" "-foreground" "-no-remote" "-profile" "C:\\Users\\ADMINI~1\\AppData\\Local\\Temp\\rust_mozprofile.i4c4VRJLglL5"
1547620258983	addons.webextension.screenshots@mozilla.org	WARN	Loading extension 'screenshots@mozilla.org': Reading manifest: Invalid host permission: resource://pdf.js/
1547620258983	addons.webextension.screenshots@mozilla.org	WARN	Loading extension 'screenshots@mozilla.org': Reading manifest: Invalid host permission: about:reader*
[Child 10648, Chrome_ChildThread] WARNING: pipe error: 109: file z:/build/build/src/ipc/chromium/src/chrome/common/ipc_channel_win.cc, line 346
[Child 10648, Chrome_ChildThre1547620261718	Marionette	INFO	Listening on port 58631
1547620262083	Marionette	WARN	TLS certificate errors will be ignored for this session
console.error: BroadcastService: 
  receivedBroadcastMessage: handler for
  remote-settings/monitor_changes
  threw error:
  Message: Error: Polling for changes failed: NetworkError when attempting to fetch resource..
  Stack:
    remoteSettingsFunction/remoteSettings.pollChanges@resource://services-settings/remote-settings.js:750:13

[Parent 14440, Gecko_IOThread] WARNING: pipe error: 109: file z:/build/build/src/ipc/chromium/src/chrome/common/ipc_channel_win.cc, line 346
JavaScript error: , line 0: InvalidStateError: An attempt was made to use an object that is not, or is no longer, usable
[Child 10892, Chrome_ChildThread] WARNING: pipe error: 109: file z:/build/build/src/ipc/chromium/src/chrome/common/ipc_channel_[Child 129win.c96, Cc, lhrome_Cine 346
hildThread] WARNING: pipe error: 109: file z:/build/build/src/ipc/chromium/src/chrome/common/iJavaScript error: , line 0: InvalidStateError: An attempt was made to use an object that is not, or is no longer, usable
[Parent 10664, Gecko_IOThread] WARNING: pipe error: 109: file z:/build/build/src/ipc/chromium/src/chrome/common/ipc_channel_win.cc, line 346
[Child 7528, Chrome_ChildThread] WARNING: pipe error: 109: file z:/build/build/src/ipc/chromium/src/chrome/common/ipc_channel_win.cc, [Child 11876, Chrome_ChildThread] WARNING: pipe error: 109: file z:/buline 346i
ld/build/[Child 7528, Chrome_ChildThsrc/ipc/chromium/src/chrome/common/ipc_channel_win.cc, line 346
[Child 11876, Chrome_C[Parent 10664, Gecko_IOThread] WARNING: pipe error: 109: file z:/build/build/src/ipc/chromium/src/chrome/common/ipc_channel_win.cc, line 346
[Child 11408, Chrome_ChildThread] WARNING: pipe error: 109: file z:/build/build/src/ipc/chromium/src/chrome/common/ipc_channel_win.cc, line 346
[Child 11408, Chrome_1547620400540	Marionette	INFO	Stopped listening on port 58676

###!!! [Child][RunMessage] Error: Channel closing: too late to send/recv, messages will be lost


###!!! [Child][MessageChannel::SendAndWait] Error: Channel error: cannot send/recv

[0x7FFECE675060] ANOMALY: meaningless REX prefix used
[0x7FFECE6750A0] ANOMALY: meaningless REX prefix used
[0x7FFECE675240] ANOMALY: meaningless REX prefix used
[0x7FFECE673630] ANOMALY: meaningless REX prefix used
[0x7FFECE6720A0] ANOMALY: meaningless REX prefix used
28, Chrome_ChildThread] WARNING: pipe error: 109: file z:/build/build/src/ipc/chromium/src/chrome/common/ipc_channel[Child 13716, Chrome_ChildTh_win.cc, line 346
read] WARNING: pipe [Child e12rror: 109: file z:/build/build/src/ipc/chromium/src/chrome/common/ipc_channel_win.cc, line 346
[Child 13716, Chrome_ChildThread[Parent 5212, Gecko_IOThread] WARNING: pipe error: 109: file z:/build/build/src/ipc/chromium/src/chrome/common/ipc_channel_win.cc, lJavaScript error: , line 0: InvalidStateError: An attempt was made to use an object that is not, or is no longer, usable
[Child 10912, Chrome_ChildThread] WARNING: pipe error: 109: file z:/build/build/src/ipc/chromium/src/chrome/common/ipc_channel_win.cc, lin[Che 346
ild 2288, Chrome_ChildThread] WARNING: pipe error: 109: file z:/build/build/src/ipc/chromium/src/chrome/common/ipc_channel_win.cc, line 346
[Child 2288[Parent 13260, Gecko_IOThread] WARNING: pipe error: 109: file z:/build/build/src/ipc/chromium/src/chrome/common/ipc_channel_win.cc, line 346
[Child 10756, Chrome_ChildThread] WARNING: pipe error: 109: file z:/build/build/src/ipc/chromium/src/chrome/common/ipc_channel_win.cc, line 346
[Child 10751547620402449	Marionette	INFO	Stopped listening on port 58760
[GPU 142
###!!! [Child][MessageChannel::SendAndWait] Error: Channel error: cannot send/recv

[0x7FFECE675060] ANOMALY: JavaScript error: , line 0: InvalidStateError: An attempt was made to use an object that is not, or is no longer, usable
[Parent 13216, Gecko_IOThread] WARNING: pipe error: 109: file z:/build/build/src/ipc/chromium/src/chrome/common/ipc_channel_win.cc, line 346
[Parent 13216, Gecko_IOThread] WARNING: pipe error: 109: file z:/build/build/src/ipc/chromium/src/chrome/common/ipc_channel_win.cc, line 346
[Child 11956, Chrome_ChildThread] WARNING: pipe error: 109: file z:/build/build/src/ipc/chromium/src/chrome/common/ipc_channel_win.cc, line 346
[Child 12964, Chrome_C[hildThread] WARNING: pipe error: 109: file z:/build/build/src/ipc/chromium/src/chrome/common/ipc_channel_win.cc, line 346
[Child 12964, Chrome_C[Parent 13216, Gecko_IOThread] WARNING: pipe error: 109: file z:/build/build/src/ipc/chromium/src/chrome/common/ipc_channel_win.cc, line 346
[Child 15032, Chrome_ChildThread] WARNING: pipe error: 109: file z:/build/build/src/ipc/chromium/src/chrome/common/ipc_channel_win.cc, line 346
[Child 15032, Chrome_1547620403635	Marionette	INFO	Stopped listening on port 58811

###!!! [Child][RunMessage] Error: Channel closing: too late to send/recv, messages will be lost


###!!! [Child][MessageChannel::SendAndWait] Error: Channel error: cannot send/recv

[0x7FFECE675060] ANOMALY: meaningless REX prefix used
[0x7FFECE6750A0] ANOMALY: meaningless REX prefix used
[0x7FFECE675240] ANOMALY: meaningless REX prefix used
[0x7FFECE673630] ANOMALY: meaningless REX prefix used
[0x7FFECE6720A0] ANOMALY: meaningless REX prefix used
1547620857333	mozrunner::runner	INFO	Running command: "C:\\Program Files\\Mozilla Firefox\\firefox.exe" "-marionette" "-foreground" "-no-remote" "-profile" "C:\\Users\\ADMINI~1\\AppData\\Local\\Temp\\rust_mozprofile.UUPHKqwgzSq0"
1547620858088	addons.webextension.screenshots@mozilla.org	WARN	Loading extension 'screenshots@mozilla.org': Reading manifest: Invalid host permission: resource://pdf.js/
1547620858089	addons.webextension.screenshots@mozilla.org	WARN	Loading extension 'screenshots@mozilla.org': Reading manifest: Invalid host permission: about:reader*
1547620860949	Marionette	INFO	Listening on port 59447
1547620861178	Marionette	WARN	TLS certificate errors will be ignored for this session
console.error: BroadcastService: 
  receivedBroadcastMessage: handler for
  remote-settings/monitor_changes
  threw error:
  Message: Error: Polling for changes failed: NetworkError when attempting to fetch resource..
  Stack:
    remoteSettingsFunction/remoteSettings.pollChanges@resource://services-settings/remote-settings.js:750:13

JavaScript error: , line 0: InvalidStateError: An attempt was made to use an object that is not, or is no longer, usable
[Parent 7800, Gecko_IOThread] WARNING: pipe error: 109: file z:/build/build/src/ipc/chromium/src/chrome/common/ipc_channel_win.cc, line 346
[Child 3028, Chrome_ChildThread] WARNING: pipe error: 109: file z:/build/build/src/ipc/chromium/src/chrome/common/ipc_channel_win.cc, line 346
[Child 3028, Chrome_ChildThread] WARNING: pipe error: 109: file z:/build/build/src/ipc/chromium/src/chrome/common/ipc_channel_win.cc, line 346
[Parent 7800, Gecko_IOThread] WARNING: pipe error: 109: file z:/build/build/src/ipc/chromium/src/chrome/common/ipc_channel_win.cc, line 346
[Child 6776, Chrome_ChildThread] WARNING: pipe error: 109: file z:/build/build/src/ipc/chromium/src/chrome/common/ipc_channel_win.cc, line 346
[Child 6776, Chr1547621188443	Marionette	INFO	Stopped listening on port 59447

###!!! [Child][MessageChannel::SendAndWait] Error: Channel error: cannot send/recv

[0x7FFECE675060] ANOMALY: meaningless REX prefix used
[0x7FFECE6750A0] ANOMALY: meaningless REX prefix used
[0x7FFECE675240] ANOMALY: meaningless REX prefix used
[0x7FFECE673630] ANOMALY: meaningless REX prefix used
[0x7FFECE6720A0] ANOMALY: meaningless REX prefix used
ld 2524, Chrome_ChildThread] WARNING: pipe error: 109: file z:/build/build/src/ipc/chromium/src/chrome/common/ipc_channel_win.cc, line 346
[Child 12360, Chrome_ChildThread] WARNING: pipe error: 109: file z:/build/build/src/ipc/chromium/src/chrome/common/ipc_channel_win.cc, line 346
[Child 12360, Chrome_ChildThread] WARNING[Parent 12264, Gecko_IOThread] WARNING: pipe error: 109: file z:/build/build/src/ipc/chromium/src/chrome/common/ipc_channel_win.cc, line 346
[Child 3212, Chrome_ChildThread] WARNING: pipe error: 109: file z:/build/build/src/ipc/chromium/src/chrome/common/ipc_channel_win.cc, line 346
[Child 3212, Ch1547621188439	Marionette	INFO	Stopped listening on port 59516

###!!! [Child][RunMessage] Error: Channel closing: too late to send/recv, messages will be lost

[GPU 14976, Chrome_ChildThread] WARNING: pipe err
###!!! [Child][MessageChannel::SendAndWait] Error: Channel error: cannot send/recv

[0x7FFECE675060] ANOMALY: meaningless REX prefix used
[0x7FFECE6750A0] ANOMALY: meaningless REX prefix used
[0x7FFECE675240] ANOMALY: meaningless REX prefix used
[0x7FFECE673630] ANOMALY: meaningless REX prefix used
[0x7FFECE6720A0] ANOMALY: meaningless REX prefix used
NG: pipe error: 109: file z:/build/build/src/ipc/chromium/src/chrome/common/ipc_channel_win.cc, line 346
[Child 11516, Chrome_ChildThread] WARNING: pipe error: 109: file z:/build/build/src/ipc/chromium/src/chrome/common/ipc_channel_win.cc, line 346
[Child 11516, Chrome_ChildThread] WARNING: pipe error: 109: file z:/build/build/src/ipc/chromium/src/chrome/common/ipc_channel_win.cc, line 346
[Child 11740, Chrome_ChildThread] WARNING: pipe error: 109: file z:/build/build/src/ipc/chromium/src/chrome/common/ipc_channel_win.cc, line 346
[Child 11740, Chrome_ChildThread] WARNING[Child 1596, Chrome_ChildThread] WARNING: pipe error: 109: file z:/build/build/src/ipc/chromium/src/chrome/common/ipc_channel_win.cc, line 346
[Child 1596, Ch1547621188441	Marionette	INFO	Stopped listening on port 59572
[GPU 6640, Chro
###!!! [Child][RunMessage] Error: Channel closing: too late to send/recv, messages will be lost


###!!! [Child][MessageChannel::SendAndWait] Error: Channel error: cannot send/recv

[0x7FFECE675060] ANOMALY: meaningless REX prefix used
[0x7FFECE6750A0] ANOMALY: meaningless REX prefix used
[0x7FFECE675240] ANOMALY: meaningless REX prefix used
[0x7FFECE673630] ANOMALY: meaningless REX prefix used
[0x7FFECE6720A0] ANOMALY: meaningless REX prefix used
on/ipc_channel_win.cc, line 346
[Child 14264, Chrome_[Parent 11872, Gecko_IOThread] WARNING: pipe error: 109: file z:/build/build/src/ipc/chromium/src/chrome/common/ipc_channel_win.cc, line 346
[Child 13508, Chrome_ChildThread] WARNING: pipe error: 109: file z:/build/build/src/ipc/chromium/src/chrome/common/ipc_channel_win.cc, line 346
[Child 135081547621188441	Marionette	INFO	Stopped listening on port 59638

###!!! [Child][MessageChannel::SendAndWait] Error: Channel error: cannot send/recv

[0x7FFECE675060] ANOMALY: meaningless REX prefix used
[0x7FFECE6750A0] ANOMALY: meaningless REX prefix used
[0x7FFECE675240] ANOMALY: meaningless REX prefix used
[0x7FFECE673630] ANOMALY: meaningless REX prefix used
[0x7FFECE6720A0] ANOMALY: meaningless REX prefix used
 Chrome_ChildThread] WARNING: pipe error: 109: file z:/build/build/src/ipc/chromium/src/chrome/common/ip[Parent 1524, Gecko_IOThread] WARNING: pipe error: 109: file z:/build/build/src/ipc/chromium/src/chrome/common/ipc_channel_win.cc, line 346
[Child 13180, Chrome_ChildThread] WARNING: pipe error: 109: file z:/build/build/src/ipc/chromium/src/chrome/common/ipc_channel_win.cc, line 346
[Child 131801547621188479	Marionette	INFO	Stopped listening on port 59707
[GPU 151
###!!! [Child][RunMessage] Error: Channel closing: too late to send/recv, messages will be lost


###!!! [Child][MessageChannel::SendAndWait] Error: Channel error: cannot send/recv

[0x7FFECE675060] ANOMALY: meaningless REX prefix used
[0x7FFECE6750A0] ANOMALY: meaningless REX prefix used
[0x7FFECE675240] ANOMALY: meaningless REX prefix used
[0x7FFECE673630] ANOMALY: meaningless REX prefix used
[0x7FFECE6720A0] ANOMALY: meaningless REX prefix used
1547622324370	mozrunner::runner	INFO	Running command: "C:\\Program Files\\Mozilla Firefox\\firefox.exe" "-marionette" "-foreground" "-no-remote" "-profile" "C:\\Users\\ADMINI~1\\AppData\\Local\\Temp\\rust_mozprofile.NR4Ac49UoFVG"
1547622325585	addons.webextension.screenshots@mozilla.org	WARN	Loading extension 'screenshots@mozilla.org': Reading manifest: Invalid host permission: resource://pdf.js/
1547622325585	addons.webextension.screenshots@mozilla.org	WARN	Loading extension 'screenshots@mozilla.org': Reading manifest: Invalid host permission: about:reader*
[Parent 11360, Gecko_IOThread] WARNING: pipe error: 109: file z:/build/build/src/ipc/chromium/src/chrome/common/ipc_channel_win.cc, line 346
[Child 13512, Chrome_ChildThread] WARNING: pipe error: 109: file z:/build/build/src/ipc/chromium/src/chrome/common/ipc_channel_win.cc, line 346
[Child 13512, Chrome_ChildT1547622328202	Marionette	INFO	Listening on port 62089
1547622328221	Marionette	WARN	TLS certificate errors will be ignored for this session
[Parent 11360, Gecko_IOThread] WARNING: pipe error: 109: file z:/build/build/src/ipc/chromium/src/chrome/common/ipc_channel_win.cc, line 346
console.error: BroadcastService: 
  receivedBroadcastMessage: handler for
  remote-settings/monitor_changes
  threw error:
  Message: Error: Polling for changes failed: NetworkError when attempting to fetch resource..
  Stack:
    remoteSettingsFunction/remoteSettings.pollChanges@resource://services-settings/remote-settings.js:750:13

JavaScript error: , line 0: InvalidStateError: An attempt was made to use an object that is not, or is no longer, usable
[Parent 11360, Gecko_IOThread] WARNING: pipe error: 109: file z:/build/build/src/ipc/chromium/src/chrome/common/ipc_channel_win.cc, line 346
[Parent 11360, Gecko_IOThread] WARNING: pipe error: 109: file z:/build/build/src/ipc/chromium/src/chrome/common/ipc_channel_win.cc, line 346
[Child 13440, Chrome_ChildThread] WARNING: pipe error: 109: file z:/build/build/src/ipc/chromium/src/chrome/common/ipc_channel_win.cc, line 346
[Child 13440, Chrome_ChildThread] WARNING: pipe error: 109: file z:/build/build/src/ipc/chromium/src/chrome/common/ipc_channel_win.cc, line 346
[Child 5892, Chrome_ChildThread] WARNING: pipe error: 109: file z:/build/build/src/ipc/chromium/src/chrome/common/ipc_channel_win.cc, line 346
[Child 5[Parent 10548, Gecko_IOThread] WA[Parent 11360, Gecko_IOThread] WARNING: pipe error: 109: file z:/build/build/src/ipc/chromium/src/chrome/common/ipc_channel_win.cc, line 346
[Child 4376, Chrome_ChildThread] WARNING: pipe error: 109: file z:/build/build/src/ipc/chromium/src/chrome/common/ipc_channel_win.cc, line 346
[Child 41547622448130	Marionette	INFO	Stopped listening on port 62089

###!!! [Child][RunMessage] Error: Channel closing: too late to send/recv, messages will be lost

[GPU 14248, Chrome_Chi
###!!! [Child][MessageChannel::SendAndWait] Error: Channel error: cannot send/recv

[0x7FFECE675060] ANOMALY: meaningless REX prefix used
[0x7FFECE6750A0] ANOMALY: meaningless REX prefix used
[0x7FFECE675240] ANOMALY: meaningless REX prefix used
[0x7FFECE673630] ANOMALY: meaningless REX prefix used
[0x7FFECE6720A0] ANOMALY: meaningless REX prefix used
it] Error: Channel error: cannot send/recv

[0x7FFECE675060] ANOMALY: meaningless REX prefix used
[0x7FFECE6750A0] ANOMALY: meaningless REX prefix used
[0x7FFECE675240] ANOMALY: meaningless REX prefix used
[0x7FFECE673630] ANOMALY: meaningless REX prefix used
[0x7FFECE6720A0] ANOMALY: meaningless REX prefix used
d] WARNING: pipe error: 109: file z:/build/build/src/ipc/chromium/src/chrome/common/ipc_channel_win.cc, line 346
[Child 7336, Chrome_ChildThread] WARNING: pipe error: 109: file z:/build/build/src/ipc/chromium/src/chrome/common/ipc_channel_win.cc, line 346
[Child 13972, Chrome_ChildThread] WARNING: pipe error: 109: file z:/build/build/src/ipc/chromium/src/chrome/common/ipc_channel_win.cc, line 346
[Child 13972, Chrome_ChildThread] WARNING: pipe error: 109: file z:/build/build/src/ipc/chromium/src/chrome/common/ipc_channel_wi[Parent 12904, Gecko_IOThread] WARNING: pipe error: 109: file z:/build/build/src/ipc/chromium/src/chrome/common/ipc_channel_win.cc, line 346
[Child 15204, Chrome_ChildThread] WARNING: pipe error: 109: file z:/build/build/src/ipc/chromium/src/chrome/common/ipc_channel_win.cc, line 346
[Child 15204, Chrome_1547622448134	Marionette	INFO	Stopped listening on port 62220
[GPU 13128, Chrome_C
###!!! [Child][RunMessage] Error: Channel closing: too late to send/recv, messages will be lost


###!!! [Child][MessageChannel::SendAndWait] Error: Channel error: cannot send/recv

[0x7FFECE675060] ANOMALY: meaningless REX prefix used
[0x7FFECE6750A0] ANOMALY: meaningless REX prefix used
[0x7FFECE675240] ANOMALY: meaningless REX prefix used
[0x7FFECE673630] ANOMALY: meaningless REX prefix used
[0x7FFECE6720A0] ANOMALY: meaningless REX prefix used
ssage] Error: Channel closing: too late to send/recv, messages will be lost

[GPU 10580, Chrome_Chil
###!!! [Child][MessageChannel::SendAndWait] Error: Channel error: cannot send/recv

[0x7FFECE675060] ANOMALY: meaningless REX prefix used
[0x7FFECE6750A0] ANOMALY: meaningless REX prefix used
[0x7FFECE675240] ANOMALY: meaningless REX prefix used
[0x7FFECE673630] ANOMALY: meaningless REX prefix used
[0x7FFECE6720A0] ANOMALY: meaningless REX prefix used
/ipc/chromium/src/chrome/common/ipc_channel_win.cc, line 346
[Child 2844, Chrome_ChildThread] WARNING: pipe error: 109: file z:/build/build/src/ipc/chromium/src/chrome/common/ipc_channel_win.cc, line 346
[Child 2844,[Parent 8272, Gecko_IOThread] WARNING: pipe error: 109: file z:/build/build/src/ipc/chromium/src/chrome/common/ipc_channel_win.cc, line 346
[Child 11632,
###!!! [Parent][MessageChannel] Error: (msgtype=0x190095,name=PBrowser::Msg_UpdateNativeWindowHandle) Closed channel: cannot send/recv


###!!! [Parent][MessageChannel] Error: (msgtype=0x190084,name=PBrowser::Msg_Destroy) Closed channel: cannot send/recv

 Chrome_ChildThread] WARNING: pipe error: 109: file z:/build/build/src/ipc/chromium/src/chrome/common/ipc_channel_win.cc, line 346
[Child 11632, Chrome_ChildThread] WARNING: pipe error: 109: file z:/build/build/src/ipc/chromium/src/chrome/common/ipc_channel_win.cc, line 346

###!!! [Child][MessageChannel] Error: (msgtype=0x300112,name=PContent::Msg_DetachBrowsingContext) Closed channel: cannot send/recv

1547622444005	Marionette	INFO	Stopped listening on port 62376
[GPU 13564, 
###!!! [Child][RunMessage] Error: Channel closing: too late to send/recv, messages will be lost


###!!! [Child][MessageChannel::SendAndWait] Error: Channel error: cannot send/recv

[0x7FFECE675060] ANOMALY: meaningless REX prefix used
[0x7FFECE6750A0] ANOMALY: meaningless REX prefix used
[0x7FFECE675240] ANOMALY: meaningless REX prefix used
[0x7FFECE673630] ANOMALY: meaningless REX prefix used
[0x7FFECE6720A0] ANOMALY: meaningless REX prefix used
1547622655328	mozrunner::runner	INFO	Running command: "C:\\Program Files\\Mozilla Firefox\\firefox.exe" "-marionette" "-foreground" "-no-remote" "-profile" "C:\\Users\\ADMINI~1\\AppData\\Local\\Temp\\rust_mozprofile.U2ft4GURbTMI"
1547622656473	addons.webextension.screenshots@mozilla.org	WARN	Loading extension 'screenshots@mozilla.org': Reading manifest: Invalid host permission: resource://pdf.js/
1547622656473	addons.webextension.screenshots@mozilla.org	WARN	Loading extension 'screenshots@mozilla.org': Reading manifest: Invalid host permission: about:reader*
[Child 12992, Chrome_ChildThread] WARNING: pipe error: 109: file z:/build/build/src/ipc/chromium/src/chrome/common/ipc_channel_win.cc, line 346
[Child 12992, Chrome_1547622659151	Marionette	INFO	Listening on port 62977
1547622659177	Marionette	WARN	TLS certificate errors will be ignored for this session
console.error: BroadcastService: 
  receivedBroadcastMessage: handler for
  remote-settings/monitor_changes
  threw error:
  Message: Error: Polling for changes failed: NetworkError when attempting to fetch resource..
  Stack:
    remoteSettingsFunction/remoteSettings.pollChanges@resource://services-settings/remote-settings.js:750:13

JavaScript error: , line 0: InvalidStateError: An attempt was made to use an object that is not, or is no longer, usable
[Parent 2684, Gecko_IOThread] WARNING: pipe error: 109: file z:/build/build/src/ipc/chromium/src/chrome/common/ipc_channel_win.cc, line 346
[Parent 2684, Gecko_IOThread] WARNING: pipe error: 109: file z:/build/build/src/ipc/chromium/src/chrome/common/ipc_channel_win.cc, line 346
[Child 11704, Chrome_ChildThread] WARNING: pipe error: 109: file z:/build/build/src/ipc/chromium/src/chrome/common/ipc_channel_win.cc, line 346[Child 15104, Chrome_ChildThread] WARNING: pipe error: 109: file z:/build/b
uild/src/ipc/chromium/src/chrome/common/ipc_channel_win.cc, line 346[
Child 11704[,C hChrome_ChildThread] WARNING: pipe error: 109: file z:/build[Parent 2684, Gecko_IOThread] WARNING: pipe error: 109: file z:/build/build/src/ipc/chromium/src/chrome/common/ipc_channel_win.cc, line 346
[Child 13444, Chrome_ChildThread] WARNING: pipe error: 109: file z:/build/build/src/ipc/chromium/src/chrome/common/ipc_channel_win.cc, line 346
[Child 13444, Chrome_1547622772654	Marionette	INFO	Stopped listening on port 62977
[GPU 13056, C
###!!! [Child][MessageChannel::SendAndWait] Error: Channel error: cannot send/recv

[0x7FFECE675060] ANOMALY: meaningless REX prefix used
[0x7FFECE6750A0] ANOMALY: meaningless REX prefix used
[0x7FFECE675240] ANOMALY: meaningless REX prefix used
[0x7FFECE673630] ANOMALY: meaningless REX prefix used
[0x7FFECE6720A0] ANOMALY: meaningless REX prefix used
ipc/chromium/src/chrome/common/ipc_channel_win.cc, line 346
[Child 13068, Chrome_ChildThread] WARNING: pipe error: 109: file z:/build/build/src/ipc/chromium/src/chrome/common/ipc_channel_win.cc, line 346
[Child 13068, Chrome_ChildThread] WARNING: pipe error: 109: file z:/build/build/src/ipc/chromium/src/chrome/common/ipc_channel_win.cc, line 346
[Child 14208, Chrome_ChildThread] WARNING: pipe error: 109: file z:/build/build/src/ipc/chromium/src/chrome/common/ipc_channel_win.cc, line 346
[Child 14208, Chrome_ChildThread] WARN1547622772623	Marionette	INFO	Stopped listening on port 63048
[GPU 2032, Chrom
###!!! [Child][MessageChannel::SendAndWait] Error: Channel error: cannot send/recv

[0x7FFECE675060] ANOMALY: meaningless REX prefix used
[0x7FFECE6750A0] ANOMALY: meaningless REX prefix used
[0x7FFECE675240] ANOMALY: meaningless REX prefix used
[0x7FFECE673630] ANOMALY: meaningless REX prefix used
[0x7FFECE6720A0] ANOMALY: meaningless REX prefix used
346
[Child 1580, Chrome_Chil[Child 3596, Chrome_ChildThread] WARNING: pipe error: 109: file z:/build/build/src/ipc/chromium/src/chrome/common/ipc_channel_win.cc, line 346
[Child 3596, Chrome_ChildThread] WARNING: pipe[Parent 12828, Gecko_IOThread] WARNING: pipe error: 109: file z:/build/build/src/ipc/chromium/src/chrome/common/ipc_channel_win.cc, line 346
[Child 13276, Chrome_ChildThread] WARNING: pipe error: 109: file z:/build/build/src/ipc/chromium/src/chrome/common/ipc_channel_win.cc, line 346
[Child 13276, Chrome_ChildTh1547622772653	Marionette	INFO	Stopped listening on port 63100

###!!! [Child][RunMessage] Error: Channel closing: too late to send/recv, messages will be lost

[GPU 7188, Chrome_ChildT
###!!! [Child][MessageChannel::SendAndWait] Error: Channel error: cannot send/recv

[0x7FFECE675060] ANOMALY: meaningless REX prefix used
[0x7FFECE6750A0] ANOMALY: meaningless REX prefix used
[0x7FFECE675240] ANOMALY: meaningless REX prefix used
[0x7FFECE673630] ANOMALY: meaningless REX prefix used
[0x7FFECE6720A0] ANOMALY: meaningless REX prefix used
2772656	Marionette	INFO	Stopped listening on port 63174

###!!! [Child][MessageChannel::SendAndWait] Error: Channel error: cannot send/recv

[0x7FFECE675060] ANOMALY: meaningless REX prefix used
[0x7FFECE6750A0] ANOMALY: meaningless REX prefix used
[0x7FFECE675240] ANOMALY: meaningless REX prefix used
[0x7FFECE673630] ANOMALY: meaningless REX prefix used
[0x7FFECE6720A0] ANOMALY: meaningless REX prefix used
/build/build/src/ipc/chromium/src/chrome/common/ipc_channel_win.cc, line 346
[Child 11916, Chrome_ChildThread] WARNING: pipe error: 109: file z:/build/build/src/ipc/chromium/src/chrome/common/ipc_channel_win.cc, line 346
[Child 11916, Chrome_ChildTh[Parent 7864, Gecko_IOThread] WARNING: pipe error: 109: file z:/build/build/src/ipc/chromium/src/chrome/common/ipc_channel_win.cc, line 346
[Child 11332, Chrome_ChildThread] WARNING: pipe error: 109: file z:/build/build/src/ipc/chromium/src/chrome/common/ipc_channel_win.cc, line 346
[Child 11332[Parent 7864, Gecko_IOThread] WARNING: pipe error: 109: file z:/build/build/src/ipc/chromium/src/chrome/common/ipc_channel_win.cc, line 346
[Child 13000, Chrome_ChildThread] WARNING: pipe error: 109: file z:/build/build/src/ipc/chromium/src/chrome/common/ipc_channel_win.cc, line 346
[Child 13000, Chrome_Ch[Parent 7864, Gecko_IOThread] WARNING: pipe error: 109: file z:/build/build/src/ipc/chromium/src/chrome/common/ipc_channel_win.cc, line 346

###!!! [Parent][MessageChannel] Error: (msgtype=0x190095,name=PBrowser::Msg_UpdateNativeWindowHandle) Closed channel: cannot send/recv


###!!! [Parent][MessageChannel] Error: (msgtype=0x190084,name=PBrowser::Msg_Destroy) Closed channel: cannot send/recv

[Child 12800, Chrome_ChildThread] WARNING: pipe error: 109: file z:/build/build/src/ipc/chromium/src/chrome/common/ipc_channel_win.cc, line 346
[Child 12800, Chrome_ChildThread] WARNING: pipe error: 109: file z:/build/build/src/ipc/chromium/src/chrome/common/ipc_channel_win.cc, line 346

###!!! [Child][MessageChannel] Error: (msgtype=0x300112,name=PContent::Msg_DetachBrowsingContext) Closed channel: cannot send/recv

1547622768183	Marionette	INFO	Stopped listening on port 63259

###!!! [Child][RunMessage] Error: Channel closing: too late to send/recv, messages will be lost

[GPU 11
###!!! [Child][MessageChannel::SendAndWait] Error: Channel error: cannot send/recv

[0x7FFECE675060] ANOMALY: meaningless REX prefix used
[0x7FFECE6750A0] ANOMALY: meaningless REX prefix used
[0x7FFECE675240] ANOMALY: meaningless REX prefix used
[0x7FFECE673630] ANOMALY: meaningless REX prefix used
[0x7FFECE6720A0] ANOMALY: meaningless REX prefix used
1547690470953	mozrunner::runner	INFO	Running command: "C:\\Program Files\\Mozilla Firefox\\firefox.exe" "-marionette" "-foreground" "-no-remote" "-profile" "C:\\Users\\ADMINI~1\\AppData\\Local\\Temp\\rust_mozprofile.nz0M5NUWpBhX"
1547690472257	addons.webextension.screenshots@mozilla.org	WARN	Loading extension 'screenshots@mozilla.org': Reading manifest: Invalid host permission: resource://pdf.js/
1547690472257	addons.webextension.screenshots@mozilla.org	WARN	Loading extension 'screenshots@mozilla.org': Reading manifest: Invalid host permission: about:reader*
[Parent 2804, Gecko_IOThread] WARNING: pipe error: 109: file z:/build/build/src/ipc/chromium/src/chrome/common/ipc_channel_win.cc, line 346
[Child 3464, Chrome_ChildThread] WARNING: pipe error: 109: file z:/build/build/src/ipc/chromium/src/chrome/common/ipc_channel_win.cc, line 346
[Child 3464, Chro1547690475264	Marionette	INFO	Listening on port 52291
1547690475300	Marionette	WARN	TLS certificate errors will be ignored for this session
JavaScript error: , line 0: InvalidStateError: An attempt was made to use an object that is not, or is no longer, usable
[Parent 2804, Gecko_IOThread] WARNING: pipe error: 109: file z:/build/build/src/ipc/chromium/src/chrome/common/ipc_channel_win.cc, line 346
[Parent 2804, Gecko_IOThread] WARNING: pipe error: 109: file z:/build/build/src/ipc/chromium/src/chrome/common/ipc_channel_win.cc, line 346
[Child 4800, Chrome_ChildThread] WARNING: pipe error: 109: file z:/build/build/src/ipc/chromium/src/chrome/common/ipc_channel_win.cc, li[Child 6748, Chroneme_C 346
hildThread[Child 4800, Chrome_ChildThread] W] WARNING: pipe error: 109: file z:/build/build/src/ipc/chromium/src/chrome/common/ipc_channel_win.cc, line 346
[Child 6748, C[Child 9408, Chrome_ChildThread] WARNING: pipe error: 109: file z:/build/build/src/ipc/chromium/src/chrome/common/ipc_channel_win.cc, line 346
[Child 9408, Chr1547690705131	Marionette	INFO	Stopped listening on port 52291

###!!! [Child][RunMessage] Error: Channel closing: too late to send/recv, messages will be lost

[GPU 11
###!!! [Child][MessageChannel::SendAndWait] Error: Channel error: cannot send/recv

[0x7FFFC0095060] ANOMALY: meaningless REX prefix used
[0x7FFFC00950A0] ANOMALY: meaningless REX prefix used
[0x7FFFC0095240] ANOMALY: meaningless REX prefix used
[0x7FFFC0093630] ANOMALY: meaningless REX prefix used
[0x7FFFC00920A0] ANOMALY: meaningless REX prefix used
 11376, Chrome_ChildThread] WARNING: pipe error: 109: file z:/build/build/src/ipc/chromium/src/chrome/common/ipc_channel_win.cc, line 346
[Child 12248,[Child 11376,  Chrome_ChildThread] WARNING: pipe error: 109: file z:/build/build/src/ipc/chromium/src/chrome/common/ipc_channel_win.cc, line 346
[Child 12248, Chrome_ChildThrea1547690705116	Marionette	INFO	Stopped listening on port 52337

###!!! [Child][RunMessage] Error: Channel closing: too late to send/recv, messages will be lost

[GPU 31
###!!! [Child][MessageChannel::SendAndWait] Error: Channel error: cannot send/recv

[0x7FFFC0095060] ANOMALY: meaningless REX prefix used
[0x7FFFC00950A0] ANOMALY: meaningless REX prefix used
[0x7FFFC0095240] ANOMALY: meaningless REX prefix used
[0x7FFFC0093630] ANOMALY: meaningless REX prefix used
[0x7FFFC00920A0] ANOMALY: meaningless REX prefix used
ne 346
[Child 12940, Chrome_ChildThread] WARNING: pipe error: 109: file z:/build/build/src/ipc[/Child 12792, Chrome_ChildThread] WAchromium/src/chRNING: pipe error: rome/109: filcommon/ipc_channee l_winz:/bu.cc, line 346
ild/build/src/ipc/chromi[uCm/src/chrome/common/ipc_channel_win.cc, line 346
[Child 127[Parent 10348, Gecko_IOThread] WARNING: pipe error: 109: file z:/build/build/src/ipc/chromium/src/chrome/common/ipc_channel_win.cc, line 346
[Child 12608, Chrome_ChildThread] WARNING: pipe error: 109: file z:/build/build/src/ipc/chromium/src/chrome/common/ipc_channel_win.cc, line 346
[Child 12608, Chrome_Chil1547690704449	Marionette	INFO	Stopped listening on port 52379

###!!! [Child][RunMessage] Error: Channel closing: too late to send/recv, messages will be lost


###!!! [Child][MessageChannel::SendAndWait] Error: Channel error: cannot send/recv

[0x7FFFC0095060] ANOMALY: meaningless REX prefix used
[0x7FFFC00950A0] ANOMALY: meaningless REX prefix used
[0x7FFFC0095240] ANOMALY: meaningless REX prefix used
[0x7FFFC0093630] ANOMALY: meaningless REX prefix used
[0x7FFFC00920A0] ANOMALY: meaningless REX prefix used
1547691130128	mozrunner::runner	INFO	Running command: "C:\\Program Files\\Mozilla Firefox\\firefox.exe" "-marionette" "-foreground" "-no-remote" "-profile" "C:\\Users\\ADMINI~1\\AppData\\Local\\Temp\\rust_mozprofile.iNh33Ki8iOYG"
1547691130939	addons.webextension.screenshots@mozilla.org	WARN	Loading extension 'screenshots@mozilla.org': Reading manifest: Invalid host permission: resource://pdf.js/
1547691130939	addons.webextension.screenshots@mozilla.org	WARN	Loading extension 'screenshots@mozilla.org': Reading manifest: Invalid host permission: about:reader*
[Child 13108, Chrome_ChildThread] WARNING: pipe error: 109: file z:/build/build/src/ipc/chromium/src/chrome/common/ipc_channel_win.cc, line 346
[Child 13108, Ch1547691133601	Marionette	INFO	Listening on port 52639
1547691133985	Marionette	WARN	TLS certificate errors will be ignored for this session
JavaScript error: , line 0: InvalidStateError: An attempt was made to use an object that is not, or is no longer, usable
[Parent 4616, Gecko_IOThread] WARNING: pipe error: 109: file z:/build/build/src/ipc/chromium/src/chrome/common/ipc_channel_win.cc, line 346
[Child 12856, Chrome_ChildThread] WARNING: pipe error: 109: file z:/build/build/src/ipc/chromium/src/chrome/common/ipc_channel_win.cc, line 346
[Child 12856, Chrome_ChildThread] WARNING: pipe error: 109: file z:/build/build/src/ipc/chromium/src/chrome/common/ipc_channel_win.cc, line 346
[Parent 4616, Gecko_IOThread] WARNING: pipe error: 109: file z:/build/build/src/ipc/chromium/src/chrome/common/ipc_channel_win.cc, line 346
[Child 12292, Chrome_ChildThread] WARNING: pipe error: 109: file z:/build/build/src/ipc/chromium/src/chrome/common/ipc_channel_win.cc, line 346
[Child 12292, Chrome_ChildThread] WARNING: pipe error: 109: file z:/build/build/src/ipc/chromium/src/chrome/common/ipc_channel_win.cc, line 346
[Parent 4616, Gecko_IOThread] WARNING: pipe error: 109: file z:/build/build/src/ipc/chromium/src/chrome/common/ipc_channel_win.cc, line 346
[Child 11328, Chrome_ChildThread] WARNING: pipe error: 109: file z:/build/build/src/ipc/chromium/src/chrome/common/ipc_channel_win.cc, line 346
[Child 11328, Chrome_ChildThread] WARNING: pipe error: 109: f1547691601674	Marionette	INFO	Stopped listening on port 52639
[GPU 54
###!!! [Child][MessageChannel::SendAndWait] Error: Channel error: cannot send/recv

[0x7FFFC0095060] ANOMALY: meaningless REX prefix used
[0x7FFFC00950A0] ANOMALY: meaningless REX prefix used
[0x7FFFC0095240] ANOMALY: meaningless REX prefix used
[0x7FFFC0093630] ANOMALY: meaningless REX prefix used
[0x7FFFC00920A0] ANOMALY: meaningless REX prefix used
IOThread] WARNING: pipe error: 109: file z:/build/build/src/ipc/chromium/src/chrome/common/ipc_channel_win.cc, line 346
1547691601636	Marionette	INFO	Stopped listening on port 52684
[GPU 7704, Chrome
###!!! [Child][RunMessage] Error: Channel closing: too late to send/recv, messages will be lost

_Ch
###!!! [Child][MessageChannel::SendAndWait] Error: Channel error: cannot send/recv

[0x7FFFC0095060] ANOMALY: meaningless REX prefix used
[0x7FFFC00950A0] ANOMALY: meaningless REX prefix used
[0x7FFFC0095240] ANOMALY: meaningless REX prefix used
[0x7FFFC0093630] ANOMALY: meaningless REX prefix used
[0x7FFFC00920A0] ANOMALY: meaningless REX prefix used
/common/ipc_channel_win.cc, line 346
[Child 10560, Chrome_ChildThread] WARNING: pipe error: 109: file z:/build/build/src/ipc/chromium/src/chrome/common/ipc_channel_win.cc, line 346
[Parent 10012, Gecko_IOThread] WARNING: pipe error: 109: file z:/build/build/src/ipc/chromium/src/chrome/common/ipc_channel_win.cc, line 346
[Child 10596, Chrome_ChildThread] WARNING: pipe error: 109: file z:/build/build/src/ipc/chromium/src/chrome/common/ipc_channel_win.cc, line 346
[Child 10596, 1547691601772	Marionette	INFO	Stopped listening on port 52727

###!!! [Child][RunMessage] Error: Channel closing: too late to send/recv, messages will be lost

[GPU 5784,
###!!! [Child][MessageChannel::SendAndWait] Error: Channel error: cannot send/recv

[0x7FFFC0095060] ANOMALY: meaningless REX prefix used
[0x7FFFC00950A0] ANOMALY: meaningless REX prefix used
[0x7FFFC0095240] ANOMALY: meaningless REX prefix used
[0x7FFFC0093630] ANOMALY: meaningless REX prefix used
[0x7FFFC00920A0] ANOMALY: meaningless REX prefix used
ko_IOThread] WARNING: pipe error: 109: file z:/build/build/src/ipc/chromium/src/chrome/common/ipc_channel_win.cc, line 346
[Child 13784, Chrome_ChildThread] WARNING: pipe error: 109: file z:/build/build/src/ipc/chromium/src/chrome/common/ipc_channel_win.cc, line 346
[Child 13784, Ch1547691601673	Marionette	INFO	Stopped listening on port 52986
[GPU 7248, Chrome_C
###!!! [Child][RunMessage] Error: Channel closing: too late to send/recv, messages will be lost


###!!! [Child][MessageChannel::SendAndWait] Error: Channel error: cannot send/recv

[0x7FFFC0095060] ANOMALY: meaningless REX prefix used
[0x7FFFC00950A0] ANOMALY: meaningless REX prefix used
[0x7FFFC0095240] ANOMALY: meaningless REX prefix used
[0x7FFFC0093630] ANOMALY: meaningless REX prefix used
[0x7FFFC00920A0] ANOMALY: meaningless REX prefix used
m/src/chrome/common/ipc_channel_win.cc, line 346
JavaScript error: , line 0: InvalidStateError: An attempt was made to use an object that is not, or is no longer, usable
[Parent 13544, Gecko_IOThread] WARNING: pipe error: 109: file z:/build/build/src/ipc/chromium/src/chrome/common/ipc_channel_win.cc, line 346
[Parent 13544, Gecko_IOThread] WARNING: pipe error: 109: file z:/build/build/src/ipc/chromium/src/chrome/common/ipc_channel_win.cc, line 346
[Child 14140, Chrome_ChildThread] WARNING: pipe error: 109: file z:/build/build/src/ipc/chromium/src/chrome/common/ipc_channel_win.cc, line 346
[Child 14140, Chro[Child 13824, Chrome_ChildThread] WARNING: pipe error: 109: file z:/build/build/src/ipc/chromium/src/chrome/common/ipc_c[Parent 14696, Gecko_IOThread] WARNING: pipe error: 109: file z:/build/build/src/ipc/chromium/src/chrome/common/ipc_channel_win.cc, line 346
[Parent 14696, Gecko_IOThread] WARNING: pipe error: 109: file z:/build/build/s1547691601931	Marionette	INFO	Stopped listening on port 53032

###!!! [Child][RunMessage] Error: Channel closing: too late to send/recv, messages will be lost

[GPU 12216, Chr
###!!! [Child][MessageChannel::SendAndWait] Error: Channel error: cannot send/recv

[0x7FFFC0095060] ANOMALY: meaningless REX prefix used
[0x7FFFC00950A0] ANOMALY: meaningless REX prefix used
[0x7FFFC0095240] ANOMALY: meaningless REX prefix used
[0x7FFFC0093630] ANOMALY: meaningless REX prefix used
[0x7FFFC00920A0] ANOMALY: meaningless REX prefix used
c/chrome/common/ipc_channel_win.cc, line 346
[Child 13552, Chrome_ChildThread] WARNING: pipe error: 109: file z:/build/build/src/ipc/chromium/src/chrome/common/ipc_channel_win.cc, line 346
[Child 1351547691602067	Marionette	INFO	Stopped listening on port 53071

###!!! [Child][RunMessage] Error: Channel closing: too late to send/recv, messages will be lost

[GPU 151
###!!! [Child][MessageChannel::SendAndWait] Error: Channel error: cannot send/recv

[0x7FFFC0095060] ANOMALY: meaningless REX prefix used
[0x7FFFC00950A0] ANOMALY: meaningless REX prefix used
[0x7FFFC0095240] ANOMALY: meaningless REX prefix used
[0x7FFFC0093630] ANOMALY: meaningless REX prefix used
[0x7FFFC00920A0] ANOMALY: meaningless REX prefix used
1547692603545	mozrunner::runner	INFO	Running command: "C:\\Program Files\\Mozilla Firefox\\firefox.exe" "-marionette" "-foreground" "-no-remote" "-profile" "C:\\Users\\ADMINI~1\\AppData\\Local\\Temp\\rust_mozprofile.22I72SBCMgPh"
1547692604463	addons.webextension.screenshots@mozilla.org	WARN	Loading extension 'screenshots@mozilla.org': Reading manifest: Invalid host permission: resource://pdf.js/
1547692604463	addons.webextension.screenshots@mozilla.org	WARN	Loading extension 'screenshots@mozilla.org': Reading manifest: Invalid host permission: about:reader*
[Child 13072, Chrome_ChildThread] WARNING: pipe error: 109: file z:/build/build/src/ipc/chromium/src/chrome/common/ipc_channel_win.cc, line 346
[Child 13072, Chro1547692607268	Marionette	INFO	Listening on port 54117
1547692607388	Marionette	WARN	TLS certificate errors will be ignored for this session
[Parent 8420, Gecko_IOThread] WARNING: pipe error: 109: file z:/build/build/src/ipc/chromium/src/chrome/common/ipc_channel_win.cc, line 346
JavaScript error: , line 0: InvalidStateError: An attempt was made to use an object that is not, or is no longer, usable
[Parent 8420, Gecko_IOThread] WARNING: pipe error: 109: file z:/build/build/src/ipc/chromium/src/chrome/common/ipc_channel_win.cc, line 346
[Child 14480, Chrome_ChildThread] WARNING: pipe error: 109: file z:/build/build/src/ipc/chromium/src/chrome/common/ipc_channel_win.cc, line 346
[Child 14480, Chrome_ChildThread] WARNING: pipe error: 109: file z:/build/build/src/ipc/chromium/src/chrome/common/ipc_channel_win.cc, line 346
[Child 3700, Chrome_ChildThread] WARNING: pipe error: 109: file z:/build/build/src/ipc/chromium/src/chrome/common/ipc_channel_win.cc, line 346
[Child 3700, Chrome_ChildThread] WARNING: pipe error: 109: file z:/build/build/src/ipc/chromium/src/chrome/common/ipc_channel_win[Parent 8420, Gecko_IOThread] WARNING: pipe error: 109: file z:/build/build/src/ipc/chromium/src/chrome/common/ipc_channel_win.cc, line 346
1547692656247	Marionette	INFO	Stopped listening on port 54117

###!!! [Child][RunMessage] Error: Channel closing: too late to send/recv, messages will be lost

[GPU 15856, Chrome_ChildThread
###!!! [Child][MessageChannel::SendAndWait] Error: Channel error: cannot send/recv

[0x7FFFC0095060] ANOMALY: meaningless REX prefix used
[0x7FFFC00950A0] ANOMALY: meaningless REX prefix used
[0x7FFFC0095240] ANOMALY: meaningless REX prefix used
[0x7FFFC0093630] ANOMALY: meaningless REX prefix used
[0x7FFFC00920A0] ANOMALY: meaningless REX prefix used
sageChannel::SendAndWait] Error: Channel error: cannot send/recv

[0x7FFFC0095060] ANOMALY: meaningless REX prefix used
[0x7FFFC00950A0] ANOMALY: meaningless REX prefix used
[0x7FFFC0095240] ANOMALY: meaningless REX prefix used
[0x7FFFC0093630] ANOMALY: meaningless REX prefix used
[0x7FFFC00920A0] ANOMALY: meaningless REX prefix used
Child 13232, Chrome_ChildThread] WARNING: pipe error: 109: file z:/build/build/src/ipc/chromium/src/chrome/common/ipc_channel_win.cc, line 346
[Child 13232, Chrome_Ch[Child 8760, Chrome_ChildThread] WARNING: pipe error: 109: file z:/build/build/src/ipc/chromium/src/chrome/common/ipc_channel_win.cc, line 346
[Child 876[Parent 13880, Gecko_IOThread] WARNING: pipe error: 109: file z:/build/build/src/ipc/chromium/src/chrome/common/ipc_channel_win.cc, line 346
1547692656387	Marionette	INFO	Stopped listening on port 54203
[GPU 15160, 
###!!! [Child][MessageChannel::SendAndWait] Error: Channel error: cannot send/recv

[0x7FFFC0095060] ANOMALY: meaningless REX prefix used
[0x7FFFC00950A0] ANOMALY: meaningless REX prefix used
[0x7FFFC0095240] ANOMALY: meaningless REX prefix used
[0x7FFFC0093630] ANOMALY: meaningless REX prefix used
[0x7FFFC00920A0] ANOMALY: meaningless REX prefix used
1547692673541	mozrunner::runner	INFO	Running command: "C:\\Program Files\\Mozilla Firefox\\firefox.exe" "-marionette" "-foreground" "-no-remote" "-profile" "C:\\Users\\ADMINI~1\\AppData\\Local\\Temp\\rust_mozprofile.9RwEWPXkPgxb"
1547692674264	addons.webextension.screenshots@mozilla.org	WARN	Loading extension 'screenshots@mozilla.org': Reading manifest: Invalid host permission: resource://pdf.js/
1547692674264	addons.webextension.screenshots@mozilla.org	WARN	Loading extension 'screenshots@mozilla.org': Reading manifest: Invalid host permission: about:reader*
[Child 12184, Chrome_ChildThread] WARNING: pipe error: 109: file z:/build/build/src/ipc/chromium/src/chrome/common/ipc_channel_win.cc, line 346
[Child 12184, Chrome_ChildThread] WAR1547692676981	Marionette	INFO	Listening on port 54261
1547692677383	Marionette	WARN	TLS certificate errors will be ignored for this session
[Parent 15468, Gecko_IOThread] WARNING: pipe error: 109: file z:/build/build/src/ipc/chromium/src/chrome/common/ipc_channel_win.cc, line 346
console.error: BroadcastService: 
  receivedBroadcastMessage: handler for
  remote-settings/monitor_changes
  threw error:
  Message: Error: Polling for changes failed: NetworkError when attempting to fetch resource..
  Stack:
    remoteSettingsFunction/remoteSettings.pollChanges@resource://services-settings/remote-settings.js:750:13

JavaScript error: , line 0: InvalidStateError: An attempt was made to use an object that is not, or is no longer, usable
[Parent 15468, Gecko_IOThread] WARNING: pipe error: 109: file z:/build/build/src/ipc/chromium/src/chrome/common/ipc_channel_win.cc, line 346
[Parent 15468, Gecko_IOThread] WARNING: pipe error: 109: file z:/build/build/src/ipc/chromium/src/chrome/common/ipc_channel_win.cc, line 346
[Child 11668, Chrome_ChildThread] WARNING: pipe error: 109: file z:/build/build/src/ipc/chromium/src/chrome/common/ipc_channel_win.cc, line 346
[Child 11048, Chrome_ChildThread[] WARNICNG: pipe error: 109: file z:/build/build/src/ipc/chromium/src/chrome/common/ipc_channel_win.cc, line 346
[Child 11048, C[Child 12072, Chrome_ChildThread] WARNING: pipe error: 109: file z:/build/build/src/ipc/chromium/src/chrome/common/ipc_channel_win.cc, line 346
[Child 12071547692822951	Marionette	INFO	Stopped listening on port 54261

###!!! [Child][RunMessage] Error: Channel closing: too late to send/recv, messages will be lost

[GPU 992, Chrome_Chi
###!!! [Child][MessageChannel::SendAndWait] Error: Channel error: cannot send/recv

[0x7FFFC0095060] ANOMALY: meaningless REX prefix used
[0x7FFFC00950A0] ANOMALY: meaningless REX prefix used
[0x7FFFC0095240] ANOMALY: meaningless REX prefix used
[0x7FFFC0093630] ANOMALY: meaningless REX prefix used
[0x7FFFC00920A0] ANOMALY: meaningless REX prefix used
ommon/ipc_channel_win.cc, line 346
[Child 16160, Chrome_ChildThread] WARNING: pipe error: 109: file z:/build/bui[Parent 13432, Gecko_IOThread] WARNING: pipe error: 109: file z:/build/build/src/ipc/chromium/src/chrome/common/ipc_channel_win.cc, line 346
[Child 10116, Chrome_ChildThread] WARNING: pipe error: 109: file z:/build/build/src/ipc/chromium/src/chrome/common/ipc_channel_win.cc, line 346
[Child 10116,1547692822944	Marionette	INFO	Stopped listening on port 54299

###!!! [Child][RunMessage] Error: Channel closing: too late to send/recv, messages will be lost

[GP
###!!! [Child][MessageChannel::SendAndWait] Error: Channel error: cannot send/recv

[0x7FFFC0095060] ANOMALY: meaningless REX prefix used
[0x7FFFC00950A0] ANOMALY: meaningless REX prefix used
[0x7FFFC0095240] ANOMALY: meaningless REX prefix used
[0x7FFFC0093630] ANOMALY: meaningless REX prefix used
[0x7FFFC00920A0] ANOMALY: meaningless REX prefix used
ror: 109: file z:/build/build/src/ipc/chromium/src/chrome/common/ipc_channel_win.cc, line 346[Child 13436, Chrome_ChildThread] WARNING: pipe error: 109: file z:/build/build/src/ipc/chromium/src/ch
rome/common/ipc_chan[nCel_win.cc,hild 12380, Chrome_ChildThread] WARNING: pipe error line 346
[Child 13436, Chro[Parent 13696, Gecko_IOThread] WARNING: pipe error: 109: file z:/build/build/src/ipc/chromium/src/chrome/common/ipc_channel_win.cc, line 346
[Child 12540, Chrome_ChildThread] WARNING: pipe error: 109: file z:/build/build/src/ipc/chromium/src/chrome/common/ipc_channel_win.cc, line 346
[Child 1251547692820747	Marionette	INFO	Stopped listening on port 54344

###!!! [Child][RunMessage] Error: Channel closing: too late to send/recv, messages will be lost

[
###!!! [Child][MessageChannel::SendAndWait] Error: Channel error: cannot send/recv

[0x7FFFC0095060] ANOMALY: meaningless REX prefix used
[0x7FFFC00950A0] ANOMALY: meaningless REX prefix used
[0x7FFFC0095240] ANOMALY: meaningless REX prefix used
[0x7FFFC0093630] ANOMALY: meaningless REX prefix used
[0x7FFFC00920A0] ANOMALY: meaningless REX prefix used
